Build started 04/11/2013 20:51:51.
     1>Project "C:\Users\PC\Documents\Visual Studio 2010\Projects\R-Type\R-Type\R-Type.vcxproj" on node 2 (build target(s)).
     1>InitializeBuildStatus:
         Creating "Debug\R-Type.unsuccessfulbuild" because "AlwaysCreate" was specified.
       ClCompile:
         C:\Program Files (x86)\Microsoft Visual Studio 10.0\VC\bin\CL.exe /c /I"C:\SFML-1.6\include" /IC:\ /ZI /nologo /W3 /WX- /Od /Oy- /D WIN32 /D _DEBUG /D _CONSOLE /D _UNICODE /D UNICODE /Gm /EHsc /RTC1 /MDd /GS /fp:precise /Zc:wchar_t /Zc:forScope /Fo"Debug\\" /Fd"Debug\vc100.pdb" /Gd /TP /analyze- /errorReport:prompt Client.cpp GameMenu.cpp main.cpp
         Client.cpp
         Generating Code...
         Compiling...
         GameMenu.cpp
     1>c:\users\pc\documents\visual studio 2010\projects\r-type\r-type\gamemenu.cpp(407): warning C4305: 'argument' : truncation from 'double' to 'float'
     1>c:\users\pc\documents\visual studio 2010\projects\r-type\r-type\gamemenu.cpp(408): warning C4305: 'argument' : truncation from 'double' to 'float'
     1>c:\users\pc\documents\visual studio 2010\projects\r-type\r-type\gamemenu.cpp(414): warning C4305: 'argument' : truncation from 'double' to 'float'
     1>c:\users\pc\documents\visual studio 2010\projects\r-type\r-type\gamemenu.cpp(415): warning C4305: 'argument' : truncation from 'double' to 'float'
     1>c:\users\pc\documents\visual studio 2010\projects\r-type\r-type\gamemenu.cpp(422): warning C4305: 'argument' : truncation from 'double' to 'float'
     1>c:\users\pc\documents\visual studio 2010\projects\r-type\r-type\gamemenu.cpp(423): warning C4305: 'argument' : truncation from 'double' to 'float'
     1>c:\users\pc\documents\visual studio 2010\projects\r-type\r-type\gamemenu.cpp(430): warning C4305: 'argument' : truncation from 'double' to 'float'
     1>c:\users\pc\documents\visual studio 2010\projects\r-type\r-type\gamemenu.cpp(431): warning C4305: 'argument' : truncation from 'double' to 'float'
     1>c:\users\pc\documents\visual studio 2010\projects\r-type\r-type\gamemenu.cpp(437): warning C4305: 'argument' : truncation from 'double' to 'float'
     1>c:\users\pc\documents\visual studio 2010\projects\r-type\r-type\gamemenu.cpp(438): warning C4305: 'argument' : truncation from 'double' to 'float'
     1>c:\users\pc\documents\visual studio 2010\projects\r-type\r-type\gamemenu.cpp(445): warning C4305: 'argument' : truncation from 'double' to 'float'
     1>c:\users\pc\documents\visual studio 2010\projects\r-type\r-type\gamemenu.cpp(446): warning C4305: 'argument' : truncation from 'double' to 'float'
     1>c:\users\pc\documents\visual studio 2010\projects\r-type\r-type\gamemenu.cpp(459): warning C4305: 'argument' : truncation from 'double' to 'float'
     1>c:\users\pc\documents\visual studio 2010\projects\r-type\r-type\gamemenu.cpp(460): warning C4305: 'argument' : truncation from 'double' to 'float'
     1>c:\users\pc\documents\visual studio 2010\projects\r-type\r-type\gamemenu.cpp(510): warning C4244: 'argument' : conversion from 'int' to 'float', possible loss of data
     1>c:\users\pc\documents\visual studio 2010\projects\r-type\r-type\gamemenu.cpp(515): warning C4305: 'argument' : truncation from 'double' to 'float'
     1>c:\users\pc\documents\visual studio 2010\projects\r-type\r-type\gamemenu.cpp(516): warning C4305: 'argument' : truncation from 'double' to 'float'
     1>c:\users\pc\documents\visual studio 2010\projects\r-type\r-type\gamemenu.cpp(525): warning C4305: 'argument' : truncation from 'double' to 'float'
     1>c:\users\pc\documents\visual studio 2010\projects\r-type\r-type\gamemenu.cpp(526): warning C4305: 'argument' : truncation from 'double' to 'float'
     1>c:\users\pc\documents\visual studio 2010\projects\r-type\r-type\gamemenu.cpp(533): warning C4244: 'argument' : conversion from 'int' to 'float', possible loss of data
     1>c:\users\pc\documents\visual studio 2010\projects\r-type\r-type\gamemenu.cpp(536): warning C4305: 'argument' : truncation from 'double' to 'float'
     1>c:\users\pc\documents\visual studio 2010\projects\r-type\r-type\gamemenu.cpp(537): warning C4305: 'argument' : truncation from 'double' to 'float'
     1>c:\users\pc\documents\visual studio 2010\projects\r-type\r-type\gamemenu.cpp(562): warning C4244: 'argument' : conversion from 'int' to 'float', possible loss of data
     1>c:\users\pc\documents\visual studio 2010\projects\r-type\r-type\gamemenu.cpp(567): warning C4305: 'argument' : truncation from 'double' to 'float'
     1>c:\users\pc\documents\visual studio 2010\projects\r-type\r-type\gamemenu.cpp(568): warning C4305: 'argument' : truncation from 'double' to 'float'
     1>c:\users\pc\documents\visual studio 2010\projects\r-type\r-type\gamemenu.cpp(573): warning C4244: 'argument' : conversion from 'int' to 'float', possible loss of data
     1>c:\users\pc\documents\visual studio 2010\projects\r-type\r-type\gamemenu.cpp(576): warning C4305: 'argument' : truncation from 'double' to 'float'
     1>c:\users\pc\documents\visual studio 2010\projects\r-type\r-type\gamemenu.cpp(577): warning C4305: 'argument' : truncation from 'double' to 'float'
     1>c:\users\pc\documents\visual studio 2010\projects\r-type\r-type\gamemenu.cpp(591): warning C4244: 'argument' : conversion from 'int' to 'float', possible loss of data
     1>c:\users\pc\documents\visual studio 2010\projects\r-type\r-type\gamemenu.cpp(594): warning C4305: 'argument' : truncation from 'double' to 'float'
     1>c:\users\pc\documents\visual studio 2010\projects\r-type\r-type\gamemenu.cpp(595): warning C4305: 'argument' : truncation from 'double' to 'float'
     1>c:\users\pc\documents\visual studio 2010\projects\r-type\r-type\gamemenu.cpp(729): warning C4305: 'argument' : truncation from 'double' to 'float'
     1>c:\users\pc\documents\visual studio 2010\projects\r-type\r-type\gamemenu.cpp(730): warning C4305: 'argument' : truncation from 'double' to 'float'
     1>c:\users\pc\documents\visual studio 2010\projects\r-type\r-type\gamemenu.cpp(740): warning C4305: 'argument' : truncation from 'double' to 'float'
     1>c:\users\pc\documents\visual studio 2010\projects\r-type\r-type\gamemenu.cpp(741): warning C4305: 'argument' : truncation from 'double' to 'float'
     1>c:\program files (x86)\microsoft visual studio 10.0\vc\include\utility(163): warning C4244: 'initializing' : conversion from 'double' to 'float', possible loss of data
                 c:\program files (x86)\microsoft visual studio 10.0\vc\include\utility(247) : see reference to function template instantiation 'std::_Pair_base<_Ty1,_Ty2>::_Pair_base<_Ty,double>(_Other1 &&,_Other2 &&)' being compiled
                 with
                 [
                     _Ty1=sf::Vector2f,
                     _Ty2=float,
                     _Ty=sf::Vector2f,
                     _Other1=sf::Vector2f,
                     _Other2=double
                 ]
                 c:\users\pc\documents\visual studio 2010\projects\r-type\r-type\gamemenu.cpp(33) : see reference to function template instantiation 'std::pair<_Ty1,_Ty2>::pair<sf::Vector2<T>,double>(_Other1 &&,_Other2 &&)' being compiled
                 with
                 [
                     _Ty1=sf::Vector2f,
                     _Ty2=float,
                     T=float,
                     _Other1=sf::Vector2<float>,
                     _Other2=double
                 ]
         Generating Code...
         Skipping... (no relevant changes detected)
         main.cpp
       Link:
         C:\Program Files (x86)\Microsoft Visual Studio 10.0\VC\bin\link.exe /ERRORREPORT:PROMPT /OUT:"C:\Users\PC\Documents\Visual Studio 2010\Projects\R-Type\Debug\R-Type.exe" /INCREMENTAL:NO /NOLOGO /LIBPATH:"C:\SFML-1.6\lib\vc2010" /LIBPATH:"C:\SFML-1.6\extlibs\bin" "sfml-audio-s-d.lib" "sfml-graphics-s-d.lib" "sfml-window-s-d.lib" "sfml-system-s-d.lib" kernel32.lib user32.lib gdi32.lib winspool.lib comdlg32.lib advapi32.lib shell32.lib ole32.lib oleaut32.lib uuid.lib odbc32.lib odbccp32.lib /MANIFEST /ManifestFile:"Debug\R-Type.exe.intermediate.manifest" /MANIFESTUAC:"level='asInvoker' uiAccess='false'" /DEBUG /PDB:"C:\Users\PC\Documents\Visual Studio 2010\Projects\R-Type\Debug\R-Type.pdb" /SUBSYSTEM:CONSOLE /TLBID:1 /DYNAMICBASE /NXCOMPAT /IMPLIB:"C:\Users\PC\Documents\Visual Studio 2010\Projects\R-Type\Debug\R-Type.lib" /MACHINE:X86 Debug\AWidget.obj
         Debug\Client.obj
         Debug\GameMenu.obj
         Debug\GameSocket.obj
         Debug\Parser.obj
         Debug\RenderWindow.obj
         Debug\main.obj
         Debug\SelectWindows.obj
         Debug\Sheets.obj
         Debug\SocketWindows.obj
         Debug\SoundPool.obj
         Debug\Sprite.obj
         Debug\WidgetButton.obj
         Debug\WidgetImage.obj
         Debug\WidgetSwitch.obj
         Debug\WidgetText.obj
         Debug\WidgetTypingBar.obj
     1>AWidget.obj : warning LNK4075: ignoring '/EDITANDCONTINUE' due to '/INCREMENTAL:NO' specification
     1>LINK : warning LNK4098: defaultlib 'LIBCMT' conflicts with use of other libs; use /NODEFAULTLIB:library
         R-Type.vcxproj -> C:\Users\PC\Documents\Visual Studio 2010\Projects\R-Type\Debug\R-Type.exe
       Manifest:
         C:\Program Files (x86)\Microsoft SDKs\Windows\v7.0A\bin\mt.exe /nologo /verbose /outputresource:"C:\Users\PC\Documents\Visual Studio 2010\Projects\R-Type\Debug\R-Type.exe;#1" /manifest "Debug\R-Type.exe.intermediate.manifest"
       FinalizeBuildStatus:
         Deleting file "Debug\R-Type.unsuccessfulbuild".
         Touching "Debug\R-Type.lastbuildstate".
     1>Done Building Project "C:\Users\PC\Documents\Visual Studio 2010\Projects\R-Type\R-Type\R-Type.vcxproj" (build target(s)).

Build succeeded.

Time Elapsed 00:00:07.05
