C:\USERS\PC\DOCUMENTS\VISUAL STUDIO 2010\PROJECTS\R-TYPE\DEBUG\R-TYPE.EXE
C:\USERS\PC\DOCUMENTS\VISUAL STUDIO 2010\PROJECTS\R-TYPE\DEBUG\R-TYPE.PDB
C:\USERS\PC\DOCUMENTS\VISUAL STUDIO 2010\PROJECTS\R-TYPE\R-TYPE\DEBUG\AWIDGET.OBJ
C:\Users\PC\Documents\Visual Studio 2010\Projects\R-Type\R-Type\Debug\cl.command.1.tlog
C:\Users\PC\Documents\Visual Studio 2010\Projects\R-Type\R-Type\Debug\CL.read.1.tlog
C:\Users\PC\Documents\Visual Studio 2010\Projects\R-Type\R-Type\Debug\CL.write.1.tlog
C:\USERS\PC\DOCUMENTS\VISUAL STUDIO 2010\PROJECTS\R-TYPE\R-TYPE\DEBUG\CLIENT.OBJ
C:\USERS\PC\DOCUMENTS\VISUAL STUDIO 2010\PROJECTS\R-TYPE\R-TYPE\DEBUG\GAMEMENU.OBJ
C:\USERS\PC\DOCUMENTS\VISUAL STUDIO 2010\PROJECTS\R-TYPE\R-TYPE\DEBUG\GAMESOCKET.OBJ
C:\Users\PC\Documents\Visual Studio 2010\Projects\R-Type\R-Type\Debug\link.2716.read.1.tlog
C:\Users\PC\Documents\Visual Studio 2010\Projects\R-Type\R-Type\Debug\link.2716.write.1.tlog
C:\Users\PC\Documents\Visual Studio 2010\Projects\R-Type\R-Type\Debug\link.2716-cvtres.read.1.tlog
C:\Users\PC\Documents\Visual Studio 2010\Projects\R-Type\R-Type\Debug\link.2716-cvtres.write.1.tlog
C:\Users\PC\Documents\Visual Studio 2010\Projects\R-Type\R-Type\Debug\link.3252.read.1.tlog
C:\Users\PC\Documents\Visual Studio 2010\Projects\R-Type\R-Type\Debug\link.3252.write.1.tlog
C:\Users\PC\Documents\Visual Studio 2010\Projects\R-Type\R-Type\Debug\link.3252-cvtres.read.1.tlog
C:\Users\PC\Documents\Visual Studio 2010\Projects\R-Type\R-Type\Debug\link.3252-cvtres.write.1.tlog
C:\Users\PC\Documents\Visual Studio 2010\Projects\R-Type\R-Type\Debug\link.3532.read.1.tlog
C:\Users\PC\Documents\Visual Studio 2010\Projects\R-Type\R-Type\Debug\link.3532.write.1.tlog
C:\Users\PC\Documents\Visual Studio 2010\Projects\R-Type\R-Type\Debug\link.3532-cvtres.read.1.tlog
C:\Users\PC\Documents\Visual Studio 2010\Projects\R-Type\R-Type\Debug\link.3532-cvtres.write.1.tlog
C:\Users\PC\Documents\Visual Studio 2010\Projects\R-Type\R-Type\Debug\link.3684.read.1.tlog
C:\Users\PC\Documents\Visual Studio 2010\Projects\R-Type\R-Type\Debug\link.3684.write.1.tlog
C:\Users\PC\Documents\Visual Studio 2010\Projects\R-Type\R-Type\Debug\link.3684-cvtres.read.1.tlog
C:\Users\PC\Documents\Visual Studio 2010\Projects\R-Type\R-Type\Debug\link.3684-cvtres.write.1.tlog
C:\Users\PC\Documents\Visual Studio 2010\Projects\R-Type\R-Type\Debug\link.4556.read.1.tlog
C:\Users\PC\Documents\Visual Studio 2010\Projects\R-Type\R-Type\Debug\link.4556.write.1.tlog
C:\Users\PC\Documents\Visual Studio 2010\Projects\R-Type\R-Type\Debug\link.4556-cvtres.read.1.tlog
C:\Users\PC\Documents\Visual Studio 2010\Projects\R-Type\R-Type\Debug\link.4556-cvtres.write.1.tlog
C:\Users\PC\Documents\Visual Studio 2010\Projects\R-Type\R-Type\Debug\link.4656.read.1.tlog
C:\Users\PC\Documents\Visual Studio 2010\Projects\R-Type\R-Type\Debug\link.4656.write.1.tlog
C:\Users\PC\Documents\Visual Studio 2010\Projects\R-Type\R-Type\Debug\link.4656-cvtres.read.1.tlog
C:\Users\PC\Documents\Visual Studio 2010\Projects\R-Type\R-Type\Debug\link.4656-cvtres.write.1.tlog
C:\Users\PC\Documents\Visual Studio 2010\Projects\R-Type\R-Type\Debug\link.6236.read.1.tlog
C:\Users\PC\Documents\Visual Studio 2010\Projects\R-Type\R-Type\Debug\link.6236.write.1.tlog
C:\Users\PC\Documents\Visual Studio 2010\Projects\R-Type\R-Type\Debug\link.6236-cvtres.read.1.tlog
C:\Users\PC\Documents\Visual Studio 2010\Projects\R-Type\R-Type\Debug\link.6236-cvtres.write.1.tlog
C:\Users\PC\Documents\Visual Studio 2010\Projects\R-Type\R-Type\Debug\link.6288.read.1.tlog
C:\Users\PC\Documents\Visual Studio 2010\Projects\R-Type\R-Type\Debug\link.6288.write.1.tlog
C:\Users\PC\Documents\Visual Studio 2010\Projects\R-Type\R-Type\Debug\link.6288-cvtres.read.1.tlog
C:\Users\PC\Documents\Visual Studio 2010\Projects\R-Type\R-Type\Debug\link.6288-cvtres.write.1.tlog
C:\Users\PC\Documents\Visual Studio 2010\Projects\R-Type\R-Type\Debug\link.6816.read.1.tlog
C:\Users\PC\Documents\Visual Studio 2010\Projects\R-Type\R-Type\Debug\link.6816.write.1.tlog
C:\Users\PC\Documents\Visual Studio 2010\Projects\R-Type\R-Type\Debug\link.6816-cvtres.read.1.tlog
C:\Users\PC\Documents\Visual Studio 2010\Projects\R-Type\R-Type\Debug\link.6816-cvtres.write.1.tlog
C:\Users\PC\Documents\Visual Studio 2010\Projects\R-Type\R-Type\Debug\link.7052.read.1.tlog
C:\Users\PC\Documents\Visual Studio 2010\Projects\R-Type\R-Type\Debug\link.7052.write.1.tlog
C:\Users\PC\Documents\Visual Studio 2010\Projects\R-Type\R-Type\Debug\link.7052-cvtres.read.1.tlog
C:\Users\PC\Documents\Visual Studio 2010\Projects\R-Type\R-Type\Debug\link.7052-cvtres.write.1.tlog
C:\Users\PC\Documents\Visual Studio 2010\Projects\R-Type\R-Type\Debug\link.7136.read.1.tlog
C:\Users\PC\Documents\Visual Studio 2010\Projects\R-Type\R-Type\Debug\link.7136.write.1.tlog
C:\Users\PC\Documents\Visual Studio 2010\Projects\R-Type\R-Type\Debug\link.7136-cvtres.read.1.tlog
C:\Users\PC\Documents\Visual Studio 2010\Projects\R-Type\R-Type\Debug\link.7136-cvtres.write.1.tlog
C:\Users\PC\Documents\Visual Studio 2010\Projects\R-Type\R-Type\Debug\link.command.1.tlog
C:\Users\PC\Documents\Visual Studio 2010\Projects\R-Type\R-Type\Debug\link.read.1.tlog
C:\Users\PC\Documents\Visual Studio 2010\Projects\R-Type\R-Type\Debug\link.write.1.tlog
C:\Users\PC\Documents\Visual Studio 2010\Projects\R-Type\R-Type\Debug\link-cvtres.read.1.tlog
C:\Users\PC\Documents\Visual Studio 2010\Projects\R-Type\R-Type\Debug\link-cvtres.write.1.tlog
C:\USERS\PC\DOCUMENTS\VISUAL STUDIO 2010\PROJECTS\R-TYPE\R-TYPE\DEBUG\MAIN.OBJ
C:\Users\PC\Documents\Visual Studio 2010\Projects\R-Type\R-Type\Debug\mt.command.1.tlog
C:\Users\PC\Documents\Visual Studio 2010\Projects\R-Type\R-Type\Debug\mt.read.1.tlog
C:\Users\PC\Documents\Visual Studio 2010\Projects\R-Type\R-Type\Debug\mt.write.1.tlog
C:\USERS\PC\DOCUMENTS\VISUAL STUDIO 2010\PROJECTS\R-TYPE\R-TYPE\DEBUG\PARSER.OBJ
C:\Users\PC\Documents\Visual Studio 2010\Projects\R-Type\R-Type\Debug\rc.command.1.tlog
C:\Users\PC\Documents\Visual Studio 2010\Projects\R-Type\R-Type\Debug\rc.read.1.tlog
C:\Users\PC\Documents\Visual Studio 2010\Projects\R-Type\R-Type\Debug\rc.write.1.tlog
C:\USERS\PC\DOCUMENTS\VISUAL STUDIO 2010\PROJECTS\R-TYPE\R-TYPE\DEBUG\RENDERWINDOW.OBJ
C:\Users\PC\Documents\Visual Studio 2010\Projects\R-Type\R-Type\Debug\R-Type.exe.embed.manifest
C:\USERS\PC\DOCUMENTS\VISUAL STUDIO 2010\PROJECTS\R-TYPE\R-TYPE\DEBUG\R-TYPE.EXE.EMBED.MANIFEST.RES
C:\USERS\PC\DOCUMENTS\VISUAL STUDIO 2010\PROJECTS\R-TYPE\R-TYPE\DEBUG\R-TYPE.EXE.INTERMEDIATE.MANIFEST
C:\Users\PC\Documents\Visual Studio 2010\Projects\R-Type\R-Type\Debug\R-Type.vcxprojResolveAssemblyReference.cache
C:\Users\PC\Documents\Visual Studio 2010\Projects\R-Type\R-Type\Debug\R-Type.write.1.tlog
C:\Users\PC\Documents\Visual Studio 2010\Projects\R-Type\R-Type\Debug\R-Type_manifest.rc
C:\USERS\PC\DOCUMENTS\VISUAL STUDIO 2010\PROJECTS\R-TYPE\R-TYPE\DEBUG\SHEETS.OBJ
C:\USERS\PC\DOCUMENTS\VISUAL STUDIO 2010\PROJECTS\R-TYPE\R-TYPE\DEBUG\SOCKETWINDOWS.OBJ
C:\USERS\PC\DOCUMENTS\VISUAL STUDIO 2010\PROJECTS\R-TYPE\R-TYPE\DEBUG\SOUNDPOOL.OBJ
C:\USERS\PC\DOCUMENTS\VISUAL STUDIO 2010\PROJECTS\R-TYPE\R-TYPE\DEBUG\SPRITE.OBJ
C:\Users\PC\Documents\Visual Studio 2010\Projects\R-Type\R-Type\Debug\vc100.idb
C:\USERS\PC\DOCUMENTS\VISUAL STUDIO 2010\PROJECTS\R-TYPE\R-TYPE\DEBUG\VC100.PDB
C:\USERS\PC\DOCUMENTS\VISUAL STUDIO 2010\PROJECTS\R-TYPE\R-TYPE\DEBUG\WIDGETBUTTON.OBJ
C:\USERS\PC\DOCUMENTS\VISUAL STUDIO 2010\PROJECTS\R-TYPE\R-TYPE\DEBUG\WIDGETIMAGE.OBJ
C:\Users\PC\Documents\Visual Studio 2010\Projects\R-Type\R-Type\Debug\WidgetLogo.obj
C:\USERS\PC\DOCUMENTS\VISUAL STUDIO 2010\PROJECTS\R-TYPE\R-TYPE\DEBUG\WIDGETSWITCH.OBJ
C:\USERS\PC\DOCUMENTS\VISUAL STUDIO 2010\PROJECTS\R-TYPE\R-TYPE\DEBUG\WIDGETTEXT.OBJ
