La génération a démarré 10/23/2013 8:41:28 PM.
     1>Projet "c:\Users\PC\documents\visual studio 2010\Projects\R-Type\R-Type\R-Type.vcxproj" sur le nœud 2 (build cible(s)).
     1>InitializeBuildStatus:
         Création de "Release\R-Type.unsuccessfulbuild", car "AlwaysCreate" a été spécifié.
       ClCompile:
         F:\Program Files (x86)\Microsoft Visual Studio 10.0\VC\bin\CL.exe /c /I"C:\SFML-1.6\include" /Zi /nologo /W3 /WX- /O2 /Oi /Oy- /GL /D WIN32 /D NDEBUG /D _CONSOLE /D _UNICODE /D UNICODE /Gm- /EHsc /MD /GS /Gy /fp:precise /Zc:wchar_t /Zc:forScope /Fo"Release\\" /Fd"Release\vc100.pdb" /Gd /TP /analyze- /errorReport:prompt Client.cpp renderWindow.cpp main.cpp
         Client.cpp
         renderWindow.cpp
         main.cpp
       Link:
         F:\Program Files (x86)\Microsoft Visual Studio 10.0\VC\bin\link.exe /ERRORREPORT:PROMPT /OUT:"c:\users\pc\documents\visual studio 2010\Projects\R-Type\Release\R-Type.exe" /INCREMENTAL:NO /NOLOGO /LIBPATH:"C:\SFML-1.6\lib\vc2010" "sfml-system-s.lib" kernel32.lib user32.lib gdi32.lib winspool.lib comdlg32.lib advapi32.lib shell32.lib ole32.lib oleaut32.lib uuid.lib odbc32.lib odbccp32.lib /MANIFEST /ManifestFile:"Release\R-Type.exe.intermediate.manifest" /MANIFESTUAC:"level='asInvoker' uiAccess='false'" /DEBUG /PDB:"c:\users\pc\documents\visual studio 2010\Projects\R-Type\Release\R-Type.pdb" /SUBSYSTEM:CONSOLE /OPT:REF /OPT:ICF /LTCG /TLBID:1 /DYNAMICBASE /NXCOMPAT /IMPLIB:"c:\users\pc\documents\visual studio 2010\Projects\R-Type\Release\R-Type.lib" /MACHINE:X86 Release\Client.obj
         Release\renderWindow.obj
         Release\main.obj
     1>renderWindow.obj : error LNK2001: symbole externe non résolu "public: __thiscall sf::RenderWindow::RenderWindow(class sf::VideoMode,class std::basic_string<char,struct std::char_traits<char>,class std::allocator<char> > const &,unsigned long,struct sf::WindowSettings const &)" (??0RenderWindow@sf@@QAE@VVideoMode@1@ABV?$basic_string@DU?$char_traits@D@std@@V?$allocator@D@2@@std@@KABUWindowSettings@1@@Z)
     1>renderWindow.obj : error LNK2001: symbole externe non résolu "public: void __thiscall sf::Window::Display(void)" (?Display@Window@sf@@QAEXXZ)
     1>renderWindow.obj : error LNK2001: symbole externe non résolu "public: bool __thiscall sf::Window::GetEvent(class sf::Event &)" (?GetEvent@Window@sf@@QAE_NAAVEvent@2@@Z)
     1>renderWindow.obj : error LNK2001: symbole externe non résolu "public: bool __thiscall sf::Window::IsOpened(void)const " (?IsOpened@Window@sf@@QBE_NXZ)
     1>renderWindow.obj : error LNK2001: symbole externe non résolu "public: void __thiscall sf::Window::Close(void)" (?Close@Window@sf@@QAEXXZ)
     1>renderWindow.obj : error LNK2001: symbole externe non résolu "public: __thiscall sf::VideoMode::VideoMode(unsigned int,unsigned int,unsigned int)" (??0VideoMode@sf@@QAE@III@Z)
     1>renderWindow.obj : error LNK2001: symbole externe non résolu "public: void __thiscall sf::RenderTarget::Clear(class sf::Color const &)" (?Clear@RenderTarget@sf@@QAEXABVColor@2@@Z)
     1>renderWindow.obj : error LNK2001: symbole externe non résolu "public: __thiscall sf::Color::Color(unsigned char,unsigned char,unsigned char,unsigned char)" (??0Color@sf@@QAE@EEEE@Z)
     1>c:\users\pc\documents\visual studio 2010\Projects\R-Type\Release\R-Type.exe : fatal error LNK1120: 8 externes non résolus
     1>Génération du projet "c:\Users\PC\documents\visual studio 2010\Projects\R-Type\R-Type\R-Type.vcxproj" terminée (build cible(s)) -- ÉCHEC.

ÉCHEC de la build.

Temps écoulé 00:00:01.50
