c:\users\quentin\documents\github\epic_win\epic_win\debug\vc120.pdb
c:\users\quentin\documents\github\epic_win\epic_win\debug\vc120.idb
c:\users\quentin\documents\github\epic_win\epic_win\debug\loadlibwindows.obj
c:\users\quentin\documents\github\epic_win\epic_win\debug\mutexwindows.obj
c:\users\quentin\documents\github\epic_win\epic_win\debug\selectwindows.obj
c:\users\quentin\documents\github\epic_win\epic_win\debug\socketwindows.obj
c:\users\quentin\documents\github\epic_win\epic_win\debug\client.obj
c:\users\quentin\documents\github\epic_win\epic_win\debug\entity.obj
c:\users\quentin\documents\github\epic_win\epic_win\debug\executer.obj
c:\users\quentin\documents\github\epic_win\epic_win\debug\game.obj
c:\users\quentin\documents\github\epic_win\epic_win\debug\infosclient.obj
c:\users\quentin\documents\github\epic_win\epic_win\debug\lexer.obj
c:\users\quentin\documents\github\epic_win\epic_win\debug\main.obj
c:\users\quentin\documents\github\epic_win\epic_win\debug\network.obj
c:\users\quentin\documents\github\epic_win\epic_win\debug\resource.obj
c:\users\quentin\documents\github\epic_win\epic_win\debug\resourcesgame.obj
c:\users\quentin\documents\github\epic_win\epic_win\debug\room.obj
c:\users\quentin\documents\github\epic_win\epic_win\debug\server.obj
c:\users\quentin\documents\github\epic_win\epic_win\debug\ship.obj
c:\users\quentin\documents\github\epic_win\epic_win\debug\shot.obj
c:\users\quentin\documents\github\epic_win\debug\epic_win.ilk
c:\users\quentin\documents\github\epic_win\debug\epic_win.exe
c:\users\quentin\documents\github\epic_win\debug\epic_win.pdb
c:\users\quentin\documents\github\epic_win\epic_win\debug\epic_win.tlog\cl.command.1.tlog
c:\users\quentin\documents\github\epic_win\epic_win\debug\epic_win.tlog\cl.read.1.tlog
c:\users\quentin\documents\github\epic_win\epic_win\debug\epic_win.tlog\cl.write.1.tlog
c:\users\quentin\documents\github\epic_win\epic_win\debug\epic_win.tlog\link.command.1.tlog
c:\users\quentin\documents\github\epic_win\epic_win\debug\epic_win.tlog\link.read.1.tlog
c:\users\quentin\documents\github\epic_win\epic_win\debug\epic_win.tlog\link.write.1.tlog
