Build started 11/13/2013 10:31:07 PM.
     1>Project "C:\Users\PC\Documents\GitHub\epic_win\epic_win\epic_win.vcxproj" on node 2 (Build target(s)).
       Project file contains ToolsVersion="12.0". This toolset is unknown or missing. You may be able to resolve this by installing the appropriate .NET Framework for this toolset. Treating the project as if it had ToolsVersion="4.0".
     1>PrepareForBuild:
         Creating directory "C:\Users\PC\Documents\GitHub\epic_win\Debug\".
       InitializeBuildStatus:
         Creating "Debug\epic_win.unsuccessfulbuild" because "AlwaysCreate" was specified.
       ClCompile:
         F:\Program Files (x86)\Microsoft Visual Studio 10.0\VC\bin\CL.exe /c /IC:\Users\PC\Documents\GitHub\epic_win\\headers\Server\ /IC:\Users\PC\Documents\GitHub\epic_win\\headers\Abstraction\ /ZI /nologo /W3 /WX- /Od /Oy- /D _MBCS /Gm /EHsc /RTC1 /MDd /GS /fp:precise /Zc:wchar_t /Zc:forScope /Fo"Debug\\" /Fd"Debug\vc100.pdb" /Gd /TP /analyze- /errorReport:prompt ..\sources\Abstraction\Windows\LoadLibWindows.cpp ..\sources\Abstraction\Windows\MutexWindows.cpp ..\sources\Abstraction\Windows\SelectWindows.cpp ..\sources\Abstraction\Windows\SocketWindows.cpp ..\sources\Server\Client.cpp ..\sources\Server\Entity.cpp ..\sources\Server\Executer.cpp ..\sources\Server\Game.cpp ..\sources\Server\InfosClient.cpp ..\sources\Server\Lexer.cpp ..\sources\Server\main.cpp ..\sources\Server\Network.cpp ..\sources\Server\Resource.cpp ..\sources\Server\ResourcesGame.cpp ..\sources\Server\Room.cpp ..\sources\Server\Server.cpp ..\sources\Server\Ship.cpp ..\sources\Server\Shot.cpp
         Shot.cpp
         Ship.cpp
     1>c:\users\pc\documents\github\epic_win\sources\server\ship.cpp(22): warning C4554: '&' : vérifiez la priorité des opérateurs comme cause possible d'erreur ; utilisez des parenthèses pour rendre plus claires les priorités
     1>c:\users\pc\documents\github\epic_win\sources\server\ship.cpp(22): warning C4244: 'argument' : conversion de 'int' en 'float', perte possible de données
     1>c:\users\pc\documents\github\epic_win\sources\server\ship.cpp(23): warning C4554: '&' : vérifiez la priorité des opérateurs comme cause possible d'erreur ; utilisez des parenthèses pour rendre plus claires les priorités
     1>c:\users\pc\documents\github\epic_win\sources\server\ship.cpp(23): warning C4244: 'argument' : conversion de 'int' en 'float', perte possible de données
     1>c:\users\pc\documents\github\epic_win\sources\server\ship.cpp(24): warning C4554: '&' : vérifiez la priorité des opérateurs comme cause possible d'erreur ; utilisez des parenthèses pour rendre plus claires les priorités
     1>c:\users\pc\documents\github\epic_win\sources\server\ship.cpp(25): warning C4554: '&' : vérifiez la priorité des opérateurs comme cause possible d'erreur ; utilisez des parenthèses pour rendre plus claires les priorités
     1>c:\users\pc\documents\github\epic_win\sources\server\ship.cpp(26): warning C4554: '&' : vérifiez la priorité des opérateurs comme cause possible d'erreur ; utilisez des parenthèses pour rendre plus claires les priorités
         Server.cpp
         Room.cpp
         ResourcesGame.cpp
         Resource.cpp
         Network.cpp
         main.cpp
         Lexer.cpp
         InfosClient.cpp
         Game.cpp
         Executer.cpp
         Entity.cpp
         Client.cpp
         SocketWindows.cpp
         SelectWindows.cpp
         MutexWindows.cpp
         LoadLibWindows.cpp
         Génération de code en cours...
       Link:
         F:\Program Files (x86)\Microsoft Visual Studio 10.0\VC\bin\link.exe /ERRORREPORT:PROMPT /OUT:"C:\Users\PC\Documents\GitHub\epic_win\Debug\epic_win.exe" /NOLOGO kernel32.lib user32.lib gdi32.lib winspool.lib comdlg32.lib advapi32.lib shell32.lib ole32.lib oleaut32.lib uuid.lib odbc32.lib odbccp32.lib /MANIFEST /ManifestFile:"Debug\epic_win.exe.intermediate.manifest" /MANIFESTUAC:"level='asInvoker' uiAccess='false'" /DEBUG /PDB:"C:\Users\PC\Documents\GitHub\epic_win\Debug\epic_win.pdb" /TLBID:1 /DYNAMICBASE /NXCOMPAT /IMPLIB:"C:\Users\PC\Documents\GitHub\epic_win\Debug\epic_win.lib" /MACHINE:X86 Debug\LoadLibWindows.obj
         Debug\MutexWindows.obj
         Debug\SelectWindows.obj
         Debug\SocketWindows.obj
         Debug\Client.obj
         Debug\Entity.obj
         Debug\Executer.obj
         Debug\Game.obj
         Debug\InfosClient.obj
         Debug\Lexer.obj
         Debug\main.obj
         Debug\Network.obj
         Debug\Resource.obj
         Debug\ResourcesGame.obj
         Debug\Room.obj
         Debug\Server.obj
         Debug\Ship.obj
         Debug\Shot.obj
         epic_win.vcxproj -> C:\Users\PC\Documents\GitHub\epic_win\Debug\epic_win.exe
       Manifest:
         C:\Program Files (x86)\Microsoft SDKs\Windows\v7.0A\bin\mt.exe /nologo /verbose /outputresource:"C:\Users\PC\Documents\GitHub\epic_win\Debug\epic_win.exe;#1" /manifest Debug\epic_win.exe.intermediate.manifest
       FinalizeBuildStatus:
         Deleting file "Debug\epic_win.unsuccessfulbuild".
         Touching "Debug\epic_win.lastbuildstate".
     1>Done Building Project "C:\Users\PC\Documents\GitHub\epic_win\epic_win\epic_win.vcxproj" (Build target(s)).

Build succeeded.

Time Elapsed 00:00:10.46
